# JRE version: OpenJDK Runtime Environment (11.0.10) (build 11.0.10+0-b96-7249189)
# Java VM: OpenJDK 64-Bit Server VM (11.0.10+0-b96-7249189, mixed mode, tiered, compressed oops, g1 gc, windows-amd64)
Heap:
 garbage-first heap   total 707584K, used 170652K [0x0000000080000000, 0x0000000100000000)
  region size 1024K, 22 young (22528K), 22 survivors (22528K)
 Metaspace       used 108889K, capacity 111570K, committed 112128K, reserved 1146880K
  class space    used 14090K, capacity 15141K, committed 15360K, reserved 1048576K
GC Heap History (20 events):
Event: 21.229 GC heap after
{Heap after GC invocations=36 (full 0):
 garbage-first heap   total 310272K, used 150488K [0x0000000080000000, 0x0000000100000000)
  region size 1024K, 3 young (3072K), 3 survivors (3072K)
 Metaspace       used 107275K, capacity 109769K, committed 110720K, reserved 1144832K
  class space    used 13891K, capacity 14852K, committed 15232K, reserved 1048576K
}
Event: 21.428 GC heap before
{Heap before GC invocations=36 (full 0):
 garbage-first heap   total 310272K, used 259032K [0x0000000080000000, 0x0000000100000000)
  region size 1024K, 109 young (111616K), 3 survivors (3072K)
 Metaspace       used 107297K, capacity 109769K, committed 110720K, reserved 1144832K
  class space    used 13891K, capacity 14852K, committed 15232K, reserved 1048576K
}
Event: 21.433 GC heap after
{Heap after GC invocations=37 (full 0):
 garbage-first heap   total 310272K, used 150730K [0x0000000080000000, 0x0000000100000000)
  region size 1024K, 3 young (3072K), 3 survivors (3072K)
 Metaspace       used 107297K, capacity 109769K, committed 110720K, reserved 1144832K
  class space    used 13891K, capacity 14852K, committed 15232K, reserved 1048576K
}
Event: 21.581 GC heap before
{Heap before GC invocations=38 (full 0):
 garbage-first heap   total 310272K, used 261322K [0x0000000080000000, 0x0000000100000000)
  region size 1024K, 111 young (113664K), 3 survivors (3072K)
 Metaspace       used 107322K, capacity 109898K, committed 110976K, reserved 1144832K
  class space    used 13891K, capacity 14852K, committed 15232K, reserved 1048576K
}
Event: 21.589 GC heap after
{Heap after GC invocations=39 (full 0):
 garbage-first heap   total 372736K, used 151468K [0x0000000080000000, 0x0000000100000000)
  region size 1024K, 4 young (4096K), 4 survivors (4096K)
 Metaspace       used 107322K, capacity 109898K, committed 110976K, reserved 1144832K
  class space    used 13891K, capacity 14852K, committed 15232K, reserved 1048576K
}
Event: 21.744 GC heap before
{Heap before GC invocations=39 (full 0):
 garbage-first heap   total 372736K, used 295852K [0x0000000080000000, 0x0000000100000000)
  region size 1024K, 145 young (148480K), 4 survivors (4096K)
 Metaspace       used 107327K, capacity 109898K, committed 110976K, reserved 1144832K
  class space    used 13891K, capacity 14852K, committed 15232K, reserved 1048576K
}
Event: 21.753 GC heap after
{Heap after GC invocations=40 (full 0):
 garbage-first heap   total 372736K, used 152992K [0x0000000080000000, 0x0000000100000000)
  region size 1024K, 5 young (5120K), 5 survivors (5120K)
 Metaspace       used 107327K, capacity 109898K, committed 110976K, reserved 1144832K
  class space    used 13891K, capacity 14852K, committed 15232K, reserved 1048576K
}
Event: 21.941 GC heap before
{Heap before GC invocations=40 (full 0):
 garbage-first heap   total 372736K, used 300448K [0x0000000080000000, 0x0000000100000000)
  region size 1024K, 149 young (152576K), 5 survivors (5120K)
 Metaspace       used 107346K, capacity 109898K, committed 110976K, reserved 1144832K
  class space    used 13891K, capacity 14852K, committed 15232K, reserved 1048576K
}
Event: 21.950 GC heap after
{Heap after GC invocations=41 (full 0):
 garbage-first heap   total 372736K, used 154823K [0x0000000080000000, 0x0000000100000000)
  region size 1024K, 7 young (7168K), 7 survivors (7168K)
 Metaspace       used 107346K, capacity 109898K, committed 110976K, reserved 1144832K
  class space    used 13891K, capacity 14852K, committed 15232K, reserved 1048576K
}
Event: 22.111 GC heap before
{Heap before GC invocations=41 (full 0):
 garbage-first heap   total 372736K, used 303303K [0x0000000080000000, 0x0000000100000000)
  region size 1024K, 152 young (155648K), 7 survivors (7168K)
 Metaspace       used 107363K, capacity 109898K, committed 110976K, reserved 1144832K
  class space    used 13891K, capacity 14852K, committed 15232K, reserved 1048576K
}
Event: 22.125 GC heap after
{Heap after GC invocations=42 (full 0):
 garbage-first heap   total 372736K, used 156840K [0x0000000080000000, 0x0000000100000000)
  region size 1024K, 9 young (9216K), 9 survivors (9216K)
 Metaspace       used 107363K, capacity 109898K, committed 110976K, reserved 1144832K
  class space    used 13891K, capacity 14852K, committed 15232K, reserved 1048576K
}
Event: 22.431 GC heap before
{Heap before GC invocations=42 (full 0):
 garbage-first heap   total 372736K, used 307368K [0x0000000080000000, 0x0000000100000000)
  region size 1024K, 156 young (159744K), 9 survivors (9216K)
 Metaspace       used 107384K, capacity 109912K, committed 110976K, reserved 1144832K
  class space    used 13894K, capacity 14857K, committed 15232K, reserved 1048576K
}
Event: 22.445 GC heap after
{Heap after GC invocations=43 (full 0):
 garbage-first heap   total 530432K, used 158534K [0x0000000080000000, 0x0000000100000000)
  region size 1024K, 11 young (11264K), 11 survivors (11264K)
 Metaspace       used 107384K, capacity 109912K, committed 110976K, reserved 1144832K
  class space    used 13894K, capacity 14857K, committed 15232K, reserved 1048576K
}
Event: 22.997 GC heap before
{Heap before GC invocations=43 (full 0):
 garbage-first heap   total 530432K, used 402246K [0x0000000080000000, 0x0000000100000000)
  region size 1024K, 250 young (256000K), 11 survivors (11264K)
 Metaspace       used 107395K, capacity 109982K, committed 110976K, reserved 1144832K
  class space    used 13895K, capacity 14859K, committed 15232K, reserved 1048576K
}
Event: 23.020 GC heap after
{Heap after GC invocations=44 (full 0):
 garbage-first heap   total 530432K, used 161465K [0x0000000080000000, 0x0000000100000000)
  region size 1024K, 14 young (14336K), 14 survivors (14336K)
 Metaspace       used 107395K, capacity 109982K, committed 110976K, reserved 1144832K
  class space    used 13895K, capacity 14859K, committed 15232K, reserved 1048576K
}
Event: 23.445 GC heap before
{Heap before GC invocations=44 (full 0):
 garbage-first heap   total 530432K, used 436921K [0x0000000080000000, 0x0000000100000000)
  region size 1024K, 283 young (289792K), 14 survivors (14336K)
 Metaspace       used 107405K, capacity 109982K, committed 110976K, reserved 1144832K
  class space    used 13895K, capacity 14859K, committed 15232K, reserved 1048576K
}
Event: 23.466 GC heap after
{Heap after GC invocations=45 (full 0):
 garbage-first heap   total 530432K, used 164596K [0x0000000080000000, 0x0000000100000000)
  region size 1024K, 17 young (17408K), 17 survivors (17408K)
 Metaspace       used 107405K, capacity 109982K, committed 110976K, reserved 1144832K
  class space    used 13895K, capacity 14859K, committed 15232K, reserved 1048576K
}
Event: 24.000 GC heap before
{Heap before GC invocations=45 (full 0):
 garbage-first heap   total 530432K, used 456436K [0x0000000080000000, 0x0000000100000000)
  region size 1024K, 302 young (309248K), 17 survivors (17408K)
 Metaspace       used 108163K, capacity 110810K, committed 111616K, reserved 1144832K
  class space    used 14000K, capacity 15026K, committed 15360K, reserved 1048576K
}
Event: 24.018 GC heap after
{Heap after GC invocations=46 (full 0):
 garbage-first heap   total 530432K, used 168760K [0x0000000080000000, 0x0000000100000000)
  region size 1024K, 21 young (21504K), 21 survivors (21504K)
 Metaspace       used 108163K, capacity 110810K, committed 111616K, reserved 1144832K
  class space    used 14000K, capacity 15026K, committed 15360K, reserved 1048576K
}
Event: 24.434 GC heap before
{Heap before GC invocations=46 (full 0):
 garbage-first heap   total 530432K, used 455480K [0x0000000080000000, 0x0000000100000000)
  region size 1024K, 300 young (307200K), 21 survivors (21504K)
 Metaspace       used 108889K, capacity 111570K, committed 112128K, reserved 1146880K
  class space    used 14090K, capacity 15141K, committed 15360K, reserved 1048576K
}

