# JRE version: OpenJDK Runtime Environment (11.0.10) (build 11.0.10+0-b96-7249189)
# Java VM: OpenJDK 64-Bit Server VM (11.0.10+0-b96-7249189, mixed mode, tiered, compressed oops, g1 gc, windows-amd64)
Heap:
 garbage-first heap   total 310272K, used 221560K [0x0000000080000000, 0x0000000100000000)
  region size 1024K, 83 young (84992K), 4 survivors (4096K)
 Metaspace       used 100805K, capacity 103235K, committed 103800K, reserved 1138688K
  class space    used 13082K, capacity 13973K, committed 14200K, reserved 1048576K
GC Heap History (20 events):
Event: 22.370 GC heap before
{Heap before GC invocations=20 (full 0):
 garbage-first heap   total 258048K, used 207424K [0x0000000080000000, 0x0000000100000000)
  region size 1024K, 72 young (73728K), 3 survivors (3072K)
 Metaspace       used 100367K, capacity 102795K, committed 103544K, reserved 1138688K
  class space    used 13062K, capacity 13965K, committed 14200K, reserved 1048576K
}
Event: 22.375 GC heap after
{Heap after GC invocations=21 (full 0):
 garbage-first heap   total 258048K, used 137210K [0x0000000080000000, 0x0000000100000000)
  region size 1024K, 3 young (3072K), 3 survivors (3072K)
 Metaspace       used 100367K, capacity 102795K, committed 103544K, reserved 1138688K
  class space    used 13062K, capacity 13965K, committed 14200K, reserved 1048576K
}
Event: 22.735 GC heap before
{Heap before GC invocations=22 (full 0):
 garbage-first heap   total 258048K, used 210938K [0x0000000080000000, 0x0000000100000000)
  region size 1024K, 75 young (76800K), 3 survivors (3072K)
 Metaspace       used 100442K, capacity 102755K, committed 103544K, reserved 1138688K
  class space    used 13050K, capacity 13925K, committed 14200K, reserved 1048576K
}
Event: 22.740 GC heap after
{Heap after GC invocations=23 (full 0):
 garbage-first heap   total 258048K, used 136989K [0x0000000080000000, 0x0000000100000000)
  region size 1024K, 3 young (3072K), 3 survivors (3072K)
 Metaspace       used 100442K, capacity 102755K, committed 103544K, reserved 1138688K
  class space    used 13050K, capacity 13925K, committed 14200K, reserved 1048576K
}
Event: 23.050 GC heap before
{Heap before GC invocations=23 (full 0):
 garbage-first heap   total 258048K, used 212765K [0x0000000080000000, 0x0000000100000000)
  region size 1024K, 77 young (78848K), 3 survivors (3072K)
 Metaspace       used 100546K, capacity 102925K, committed 103544K, reserved 1138688K
  class space    used 13062K, capacity 13957K, committed 14200K, reserved 1048576K
}
Event: 23.056 GC heap after
{Heap after GC invocations=24 (full 0):
 garbage-first heap   total 258048K, used 138591K [0x0000000080000000, 0x0000000100000000)
  region size 1024K, 4 young (4096K), 4 survivors (4096K)
 Metaspace       used 100546K, capacity 102925K, committed 103544K, reserved 1138688K
  class space    used 13062K, capacity 13957K, committed 14200K, reserved 1048576K
}
Event: 23.319 GC heap before
{Heap before GC invocations=25 (full 0):
 garbage-first heap   total 258048K, used 215391K [0x0000000080000000, 0x0000000100000000)
  region size 1024K, 79 young (80896K), 4 survivors (4096K)
 Metaspace       used 100586K, capacity 102994K, committed 103800K, reserved 1138688K
  class space    used 13063K, capacity 13958K, committed 14200K, reserved 1048576K
}
Event: 23.325 GC heap after
{Heap after GC invocations=26 (full 0):
 garbage-first heap   total 258048K, used 137813K [0x0000000080000000, 0x0000000100000000)
  region size 1024K, 4 young (4096K), 4 survivors (4096K)
 Metaspace       used 100586K, capacity 102994K, committed 103800K, reserved 1138688K
  class space    used 13063K, capacity 13958K, committed 14200K, reserved 1048576K
}
Event: 23.650 GC heap before
{Heap before GC invocations=26 (full 0):
 garbage-first heap   total 258048K, used 216661K [0x0000000080000000, 0x0000000100000000)
  region size 1024K, 81 young (82944K), 4 survivors (4096K)
 Metaspace       used 100632K, capacity 103074K, committed 103800K, reserved 1138688K
  class space    used 13066K, capacity 13963K, committed 14200K, reserved 1048576K
}
Event: 23.657 GC heap after
{Heap after GC invocations=27 (full 0):
 garbage-first heap   total 258048K, used 138737K [0x0000000080000000, 0x0000000100000000)
  region size 1024K, 5 young (5120K), 5 survivors (5120K)
 Metaspace       used 100632K, capacity 103074K, committed 103800K, reserved 1138688K
  class space    used 13066K, capacity 13963K, committed 14200K, reserved 1048576K
}
Event: 24.530 GC heap before
{Heap before GC invocations=28 (full 0):
 garbage-first heap   total 258048K, used 217585K [0x0000000080000000, 0x0000000100000000)
  region size 1024K, 82 young (83968K), 5 survivors (5120K)
 Metaspace       used 100659K, capacity 103081K, committed 103800K, reserved 1138688K
  class space    used 13068K, capacity 13965K, committed 14200K, reserved 1048576K
}
Event: 24.537 GC heap after
{Heap after GC invocations=29 (full 0):
 garbage-first heap   total 258048K, used 139210K [0x0000000080000000, 0x0000000100000000)
  region size 1024K, 5 young (5120K), 5 survivors (5120K)
 Metaspace       used 100659K, capacity 103081K, committed 103800K, reserved 1138688K
  class space    used 13068K, capacity 13965K, committed 14200K, reserved 1048576K
}
Event: 24.566 GC heap before
{Heap before GC invocations=29 (full 0):
 garbage-first heap   total 258048K, used 146378K [0x0000000080000000, 0x0000000100000000)
  region size 1024K, 12 young (12288K), 5 survivors (5120K)
 Metaspace       used 100671K, capacity 103081K, committed 103800K, reserved 1138688K
  class space    used 13068K, capacity 13965K, committed 14200K, reserved 1048576K
}
Event: 24.578 GC heap after
{Heap after GC invocations=30 (full 0):
 garbage-first heap   total 258048K, used 138579K [0x0000000080000000, 0x0000000100000000)
  region size 1024K, 1 young (1024K), 1 survivors (1024K)
 Metaspace       used 100671K, capacity 103081K, committed 103800K, reserved 1138688K
  class space    used 13068K, capacity 13965K, committed 14200K, reserved 1048576K
}
Event: 24.989 GC heap before
{Heap before GC invocations=30 (full 0):
 garbage-first heap   total 258048K, used 219475K [0x0000000080000000, 0x0000000100000000)
  region size 1024K, 80 young (81920K), 1 survivors (1024K)
 Metaspace       used 100706K, capacity 103093K, committed 103800K, reserved 1138688K
  class space    used 13070K, capacity 13969K, committed 14200K, reserved 1048576K
}
Event: 24.997 GC heap after
{Heap after GC invocations=31 (full 0):
 garbage-first heap   total 310272K, used 139264K [0x0000000080000000, 0x0000000100000000)
  region size 1024K, 2 young (2048K), 2 survivors (2048K)
 Metaspace       used 100706K, capacity 103093K, committed 103800K, reserved 1138688K
  class space    used 13070K, capacity 13969K, committed 14200K, reserved 1048576K
}
Event: 25.883 GC heap before
{Heap before GC invocations=32 (full 0):
 garbage-first heap   total 310272K, used 256000K [0x0000000080000000, 0x0000000100000000)
  region size 1024K, 116 young (118784K), 2 survivors (2048K)
 Metaspace       used 100746K, capacity 103170K, committed 103800K, reserved 1138688K
  class space    used 13077K, capacity 13973K, committed 14200K, reserved 1048576K
}
Event: 25.890 GC heap after
{Heap after GC invocations=33 (full 0):
 garbage-first heap   total 310272K, used 140658K [0x0000000080000000, 0x0000000100000000)
  region size 1024K, 3 young (3072K), 3 survivors (3072K)
 Metaspace       used 100746K, capacity 103170K, committed 103800K, reserved 1138688K
  class space    used 13077K, capacity 13973K, committed 14200K, reserved 1048576K
}
Event: 26.819 GC heap before
{Heap before GC invocations=33 (full 0):
 garbage-first heap   total 310272K, used 259442K [0x0000000080000000, 0x0000000100000000)
  region size 1024K, 119 young (121856K), 3 survivors (3072K)
 Metaspace       used 100802K, capacity 103234K, committed 103800K, reserved 1138688K
  class space    used 13082K, capacity 13973K, committed 14200K, reserved 1048576K
}
Event: 26.824 GC heap after
{Heap after GC invocations=34 (full 0):
 garbage-first heap   total 310272K, used 141688K [0x0000000080000000, 0x0000000100000000)
  region size 1024K, 4 young (4096K), 4 survivors (4096K)
 Metaspace       used 100802K, capacity 103234K, committed 103800K, reserved 1138688K
  class space    used 13082K, capacity 13973K, committed 14200K, reserved 1048576K
}

